# JRE version: Java(TM) SE Runtime Environment (8.0_11-b12) (build 1.8.0_11-b12)
# Java VM: Java HotSpot(TM) Client VM (25.11-b03 mixed mode windows-x86 )
Heap:
 def new generation   total 29376K, used 8843K [0x0f200000, 0x111e0000, 0x14750000)
  eden space 26112K,  33% used [0x0f200000, 0x0fa762f0, 0x10b80000)
  from space 3264K,   5% used [0x10eb0000, 0x10edc938, 0x111e0000)
  to   space 3264K,   0% used [0x10b80000, 0x10b80000, 0x10eb0000)
 tenured generation   total 65096K, used 39114K [0x14750000, 0x186e2000, 0x1f200000)
   the space 65096K,  60% used [0x14750000, 0x16d82ab0, 0x16d82c00, 0x186e2000)
 Metaspace       used 26303K, capacity 26633K, committed 26752K, reserved 27008K
GC Heap History (10 events):
Event: 95.237 GC heap before
{Heap before GC invocations=172 (full 5):
 def new generation   total 23872K, used 21248K [0x0f200000, 0x10be0000, 0x14750000)
  eden space 21248K, 100% used [0x0f200000, 0x106c0000, 0x106c0000)
  from space 2624K,   0% used [0x106c0000, 0x106c0000, 0x10950000)
  to   space 2624K,   0% used [0x10950000, 0x10950000, 0x10be0000)
 tenured generation   total 52900K, used 31738K [0x14750000, 0x17af9000, 0x1f200000)
   the space 52900K,  59% used [0x14750000, 0x1664e8f0, 0x1664ea00, 0x17af9000)
 Metaspace       used 25581K, capacity 25880K, committed 25984K, reserved 25984K
Event: 95.252 GC heap after
Heap after GC invocations=173 (full 5):
 def new generation   total 23872K, used 2624K [0x0f200000, 0x10be0000, 0x14750000)
  eden space 21248K,   0% used [0x0f200000, 0x0f200000, 0x106c0000)
  from space 2624K, 100% used [0x10950000, 0x10be0000, 0x10be0000)
  to   space 2624K,   0% used [0x106c0000, 0x106c0000, 0x10950000)
 tenured generation   total 52900K, used 32124K [0x14750000, 0x17af9000, 0x1f200000)
   the space 52900K,  60% used [0x14750000, 0x166af058, 0x166af200, 0x17af9000)
 Metaspace       used 25581K, capacity 25880K, committed 25984K, reserved 25984K
}
Event: 642.086 GC heap before
{Heap before GC invocations=173 (full 5):
 def new generation   total 23872K, used 23872K [0x0f200000, 0x10be0000, 0x14750000)
  eden space 21248K, 100% used [0x0f200000, 0x106c0000, 0x106c0000)
  from space 2624K, 100% used [0x10950000, 0x10be0000, 0x10be0000)
  to   space 2624K,   0% used [0x106c0000, 0x106c0000, 0x10950000)
 tenured generation   total 52900K, used 32124K [0x14750000, 0x17af9000, 0x1f200000)
   the space 52900K,  60% used [0x14750000, 0x166af058, 0x166af200, 0x17af9000)
 Metaspace       used 26024K, capacity 26360K, committed 26496K, reserved 27008K
Event: 642.104 GC heap after
Heap after GC invocations=174 (full 5):
 def new generation   total 23872K, used 1796K [0x0f200000, 0x10be0000, 0x14750000)
  eden space 21248K,   0% used [0x0f200000, 0x0f200000, 0x106c0000)
  from space 2624K,  68% used [0x106c0000, 0x108810b8, 0x10950000)
  to   space 2624K,   0% used [0x10950000, 0x10950000, 0x10be0000)
 tenured generation   total 52900K, used 38399K [0x14750000, 0x17af9000, 0x1f200000)
   the space 52900K,  72% used [0x14750000, 0x16ccfda0, 0x16ccfe00, 0x17af9000)
 Metaspace       used 26024K, capacity 26360K, committed 26496K, reserved 27008K
}
Event: 685.722 GC heap before
{Heap before GC invocations=174 (full 5):
 def new generation   total 23872K, used 12424K [0x0f200000, 0x10be0000, 0x14750000)
  eden space 21248K,  50% used [0x0f200000, 0x0fc610b0, 0x106c0000)
  from space 2624K,  68% used [0x106c0000, 0x108810b8, 0x10950000)
  to   space 2624K,   0% used [0x10950000, 0x10950000, 0x10be0000)
 tenured generation   total 52900K, used 38399K [0x14750000, 0x17af9000, 0x1f200000)
   the space 52900K,  72% used [0x14750000, 0x16ccfda0, 0x16ccfe00, 0x17af9000)
 Metaspace       used 26268K, capacity 26584K, committed 26752K, reserved 27008K
Event: 685.806 GC heap after
Heap after GC invocations=175 (full 6):
 def new generation   total 29376K, used 0K [0x0f200000, 0x111e0000, 0x14750000)
  eden space 26112K,   0% used [0x0f200000, 0x0f200000, 0x10b80000)
  from space 3264K,   0% used [0x10b80000, 0x10b80000, 0x10eb0000)
  to   space 3264K,   0% used [0x10eb0000, 0x10eb0000, 0x111e0000)
 tenured generation   total 65096K, used 39055K [0x14750000, 0x186e2000, 0x1f200000)
   the space 65096K,  59% used [0x14750000, 0x16d73f00, 0x16d74000, 0x186e2000)
 Metaspace       used 26257K, capacity 26569K, committed 26752K, reserved 27008K
}
Event: 686.292 GC heap before
{Heap before GC invocations=175 (full 6):
 def new generation   total 29376K, used 338K [0x0f200000, 0x111e0000, 0x14750000)
  eden space 26112K,   1% used [0x0f200000, 0x0f254a78, 0x10b80000)
  from space 3264K,   0% used [0x10b80000, 0x10b80000, 0x10eb0000)
  to   space 3264K,   0% used [0x10eb0000, 0x10eb0000, 0x111e0000)
 tenured generation   total 65096K, used 39055K [0x14750000, 0x186e2000, 0x1f200000)
   the space 65096K,  59% used [0x14750000, 0x16d73f00, 0x16d74000, 0x186e2000)
 Metaspace       used 26257K, capacity 26569K, committed 26752K, reserved 27008K
Event: 686.373 GC heap after
Heap after GC invocations=176 (full 7):
 def new generation   total 29376K, used 0K [0x0f200000, 0x111e0000, 0x14750000)
  eden space 26112K,   0% used [0x0f200000, 0x0f200000, 0x10b80000)
  from space 3264K,   0% used [0x10b80000, 0x10b80000, 0x10eb0000)
  to   space 3264K,   0% used [0x10eb0000, 0x10eb0000, 0x111e0000)
 tenured generation   total 65096K, used 39114K [0x14750000, 0x186e2000, 0x1f200000)
   the space 65096K,  60% used [0x14750000, 0x16d82ab0, 0x16d82c00, 0x186e2000)
 Metaspace       used 26257K, capacity 26569K, committed 26752K, reserved 27008K
}
Event: 1201.750 GC heap before
{Heap before GC invocations=176 (full 7):
 def new generation   total 29376K, used 26112K [0x0f200000, 0x111e0000, 0x14750000)
  eden space 26112K, 100% used [0x0f200000, 0x10b80000, 0x10b80000)
  from space 3264K,   0% used [0x10b80000, 0x10b80000, 0x10eb0000)
  to   space 3264K,   0% used [0x10eb0000, 0x10eb0000, 0x111e0000)
 tenured generation   total 65096K, used 39114K [0x14750000, 0x186e2000, 0x1f200000)
   the space 65096K,  60% used [0x14750000, 0x16d82ab0, 0x16d82c00, 0x186e2000)
 Metaspace       used 26295K, capacity 26601K, committed 26752K, reserved 27008K
Event: 1201.752 GC heap after
Heap after GC invocations=177 (full 7):
 def new generation   total 29376K, used 178K [0x0f200000, 0x111e0000, 0x14750000)
  eden space 26112K,   0% used [0x0f200000, 0x0f200000, 0x10b80000)
  from space 3264K,   5% used [0x10eb0000, 0x10edc938, 0x111e0000)
  to   space 3264K,   0% used [0x10b80000, 0x10b80000, 0x10eb0000)
 tenured generation   total 65096K, used 39114K [0x14750000, 0x186e2000, 0x1f200000)
   the space 65096K,  60% used [0x14750000, 0x16d82ab0, 0x16d82c00, 0x186e2000)
 Metaspace       used 26295K, capacity 26601K, committed 26752K, reserved 27008K
}

