# JRE version: Java(TM) SE Runtime Environment (8.0_11-b12) (build 1.8.0_11-b12)
# Java VM: Java HotSpot(TM) Client VM (25.11-b03 mixed mode windows-x86 )
Heap:
 def new generation   total 28864K, used 3025K [0x0f200000, 0x11150000, 0x14750000)
  eden space 25664K,  11% used [0x0f200000, 0x0f4f4458, 0x10b10000)
  from space 3200K,   0% used [0x10b10000, 0x10b10000, 0x10e30000)
  to   space 3200K,   0% used [0x10e30000, 0x10e30000, 0x11150000)
 tenured generation   total 63988K, used 38391K [0x14750000, 0x185cd000, 0x1f200000)
   the space 63988K,  59% used [0x14750000, 0x16ccdfa8, 0x16cce000, 0x185cd000)
 Metaspace       used 26252K, capacity 26589K, committed 26752K, reserved 27008K
GC Heap History (10 events):
Event: 26.985 GC heap before
{Heap before GC invocations=52 (full 8):
 def new generation   total 19456K, used 18918K [0x0f200000, 0x10710000, 0x14750000)
  eden space 17344K, 100% used [0x0f200000, 0x102f0000, 0x102f0000)
  from space 2112K,  74% used [0x102f0000, 0x10479848, 0x10500000)
  to   space 2112K,   0% used [0x10500000, 0x10500000, 0x10710000)
 tenured generation   total 43008K, used 27225K [0x14750000, 0x17150000, 0x1f200000)
   the space 43008K,  63% used [0x14750000, 0x161e6678, 0x161e6800, 0x17150000)
 Metaspace       used 25413K, capacity 25752K, committed 25984K, reserved 25984K
Event: 26.995 GC heap after
Heap after GC invocations=53 (full 8):
 def new generation   total 19456K, used 2112K [0x0f200000, 0x10710000, 0x14750000)
  eden space 17344K,   0% used [0x0f200000, 0x0f200000, 0x102f0000)
  from space 2112K, 100% used [0x10500000, 0x10710000, 0x10710000)
  to   space 2112K,   0% used [0x102f0000, 0x102f0000, 0x10500000)
 tenured generation   total 43008K, used 29416K [0x14750000, 0x17150000, 0x1f200000)
   the space 43008K,  68% used [0x14750000, 0x1640a050, 0x1640a200, 0x17150000)
 Metaspace       used 25413K, capacity 25752K, committed 25984K, reserved 25984K
}
Event: 27.322 GC heap before
{Heap before GC invocations=53 (full 8):
 def new generation   total 19456K, used 19456K [0x0f200000, 0x10710000, 0x14750000)
  eden space 17344K, 100% used [0x0f200000, 0x102f0000, 0x102f0000)
  from space 2112K, 100% used [0x10500000, 0x10710000, 0x10710000)
  to   space 2112K,   0% used [0x102f0000, 0x102f0000, 0x10500000)
 tenured generation   total 43008K, used 29416K [0x14750000, 0x17150000, 0x1f200000)
   the space 43008K,  68% used [0x14750000, 0x1640a050, 0x1640a200, 0x17150000)
 Metaspace       used 25437K, capacity 25787K, committed 25984K, reserved 25984K
Event: 27.335 GC heap after
Heap after GC invocations=54 (full 8):
 def new generation   total 19456K, used 2112K [0x0f200000, 0x10710000, 0x14750000)
  eden space 17344K,   0% used [0x0f200000, 0x0f200000, 0x102f0000)
  from space 2112K, 100% used [0x102f0000, 0x10500000, 0x10500000)
  to   space 2112K,   0% used [0x10500000, 0x10500000, 0x10710000)
 tenured generation   total 43008K, used 32231K [0x14750000, 0x17150000, 0x1f200000)
   the space 43008K,  74% used [0x14750000, 0x166c9e08, 0x166ca000, 0x17150000)
 Metaspace       used 25437K, capacity 25787K, committed 25984K, reserved 25984K
}
Event: 28.443 GC heap before
{Heap before GC invocations=54 (full 8):
 def new generation   total 19456K, used 19456K [0x0f200000, 0x10710000, 0x14750000)
  eden space 17344K, 100% used [0x0f200000, 0x102f0000, 0x102f0000)
  from space 2112K, 100% used [0x102f0000, 0x10500000, 0x10500000)
  to   space 2112K,   0% used [0x10500000, 0x10500000, 0x10710000)
 tenured generation   total 43008K, used 32231K [0x14750000, 0x17150000, 0x1f200000)
   the space 43008K,  74% used [0x14750000, 0x166c9e08, 0x166ca000, 0x17150000)
 Metaspace       used 25577K, capacity 25915K, committed 26112K, reserved 27008K
Event: 28.456 GC heap after
Heap after GC invocations=55 (full 8):
 def new generation   total 19456K, used 2112K [0x0f200000, 0x10710000, 0x14750000)
  eden space 17344K,   0% used [0x0f200000, 0x0f200000, 0x102f0000)
  from space 2112K, 100% used [0x10500000, 0x10710000, 0x10710000)
  to   space 2112K,   0% used [0x102f0000, 0x102f0000, 0x10500000)
 tenured generation   total 43008K, used 34849K [0x14750000, 0x17150000, 0x1f200000)
   the space 43008K,  81% used [0x14750000, 0x169586b0, 0x16958800, 0x17150000)
 Metaspace       used 25577K, capacity 25915K, committed 26112K, reserved 27008K
}
Event: 31.262 GC heap before
{Heap before GC invocations=55 (full 8):
 def new generation   total 19456K, used 18827K [0x0f200000, 0x10710000, 0x14750000)
  eden space 17344K,  96% used [0x0f200000, 0x10252ef0, 0x102f0000)
  from space 2112K, 100% used [0x10500000, 0x10710000, 0x10710000)
  to   space 2112K,   0% used [0x102f0000, 0x102f0000, 0x10500000)
 tenured generation   total 43008K, used 34849K [0x14750000, 0x17150000, 0x1f200000)
   the space 43008K,  81% used [0x14750000, 0x169586b0, 0x16958800, 0x17150000)
 Metaspace       used 26046K, capacity 26363K, committed 26496K, reserved 27008K
Event: 31.276 GC heap after
Heap after GC invocations=56 (full 8):
 def new generation   total 19456K, used 1300K [0x0f200000, 0x10710000, 0x14750000)
  eden space 17344K,   0% used [0x0f200000, 0x0f200000, 0x102f0000)
  from space 2112K,  61% used [0x102f0000, 0x10435040, 0x10500000)
  to   space 2112K,   0% used [0x10500000, 0x10500000, 0x10710000)
 tenured generation   total 43008K, used 40757K [0x14750000, 0x17150000, 0x1f200000)
   the space 43008K,  94% used [0x14750000, 0x16f1d470, 0x16f1d600, 0x17150000)
 Metaspace       used 26046K, capacity 26363K, committed 26496K, reserved 27008K
}
Event: 622.071 GC heap before
{Heap before GC invocations=56 (full 8):
 def new generation   total 19456K, used 8487K [0x0f200000, 0x10710000, 0x14750000)
  eden space 17344K,  41% used [0x0f200000, 0x0f904f18, 0x102f0000)
  from space 2112K,  61% used [0x102f0000, 0x10435040, 0x10500000)
  to   space 2112K,   0% used [0x10500000, 0x10500000, 0x10710000)
 tenured generation   total 43008K, used 40757K [0x14750000, 0x17150000, 0x1f200000)
   the space 43008K,  94% used [0x14750000, 0x16f1d470, 0x16f1d600, 0x17150000)
 Metaspace       used 26245K, capacity 26589K, committed 26752K, reserved 27008K
Event: 622.151 GC heap after
Heap after GC invocations=57 (full 9):
 def new generation   total 28864K, used 0K [0x0f200000, 0x11150000, 0x14750000)
  eden space 25664K,   0% used [0x0f200000, 0x0f200000, 0x10b10000)
  from space 3200K,   0% used [0x10b10000, 0x10b10000, 0x10e30000)
  to   space 3200K,   0% used [0x10e30000, 0x10e30000, 0x11150000)
 tenured generation   total 63988K, used 38391K [0x14750000, 0x185cd000, 0x1f200000)
   the space 63988K,  59% used [0x14750000, 0x16ccdfa8, 0x16cce000, 0x185cd000)
 Metaspace       used 26245K, capacity 26589K, committed 26752K, reserved 27008K
}

